2024-08-20 16:05:12.794  INFO 15082 --- [main] d.d.proseo.ui.cli.CommandLineInterface   : Starting CommandLineInterface v1.1.0 using Java 21.0.2 on Thomas-Mac.fritz.box with PID 15082 (/Users/thomas/Documents/Thomas Beruf/Managementberatung/30 Kunden/DLR-EOC/Copernicus/S5P/S5P Processing Subsystem/prosEO/ui/cli/target/proseo-ui-cli.jar started by thomas in /Users/thomas/Documents/Thomas Beruf/Managementberatung/30 Kunden/DLR-EOC/Copernicus/S5P/S5P Processing Subsystem/prosEO/deploy-single-node/proseo-images)
2024-08-20 16:05:12.796 DEBUG 15082 --- [main] d.d.proseo.ui.cli.CommandLineInterface   : Running with Spring Boot v2.7.18, Spring v5.3.31
2024-08-20 16:05:12.797  INFO 15082 --- [main] d.d.proseo.ui.cli.CommandLineInterface   : No active profile set, falling back to 1 default profile: "default"
2024-08-20 16:05:13.464  INFO 15082 --- [main] d.d.proseo.ui.cli.CommandLineInterface   : Started CommandLineInterface in 0.98 seconds (JVM running for 1.308)
2024-08-20 16:05:13.465 TRACE 15082 --- [main] d.d.proseo.ui.cli.CommandLineInterface   : >>> run([Ljava.lang.String;@636e8cc)
2024-08-20 16:05:13.466 TRACE 15082 --- [main] de.dlr.proseo.ui.cli.parser.CLISyntax    : >>> fromSyntaxFile(ui-cli-syntax.yml)
2024-08-20 16:05:13.521  INFO 15082 --- [main] de.dlr.proseo.ui.cli.parser.CLISyntax    : (I6241) Command line syntax loaded from syntax file ui-cli-syntax.yml
2024-08-20 16:05:50.327 TRACE 15082 --- [main] de.dlr.proseo.ui.cli.parser.CLIParser    : >>> parse(login)
2024-08-20 16:05:50.328 TRACE 15082 --- [main] de.dlr.proseo.ui.cli.parser.CLIParser    : >>> initTokenizer(login)
2024-08-20 16:05:50.328 TRACE 15082 --- [main] de.dlr.proseo.ui.cli.parser.CLIParser    : ... found token Token[login], line 1
2024-08-20 16:05:50.328 TRACE 15082 --- [main] de.dlr.proseo.ui.cli.parser.CLIParser    : <<< parse()
2024-08-20 16:05:50.328 TRACE 15082 --- [main] d.d.proseo.ui.cli.CommandLineInterface   : ... received command 'login'
2024-08-20 16:05:50.328 TRACE 15082 --- [main] d.d.proseo.ui.cli.CommandLineInterface   : >>> executeCommand(login)
2024-08-20 16:05:50.328 TRACE 15082 --- [main] de.dlr.proseo.ui.backend.LoginManager    : >>> doLogin(null, ********, null)
2024-08-20 16:06:04.879 TRACE 15082 --- [main] de.dlr.proseo.ui.backend.LoginManager    : >>> login(proseo, ********, null)
2024-08-20 16:06:04.880 TRACE 15082 --- [main] d.d.proseo.ui.backend.ServiceConnection  : >>> getFromService(http://localhost:8086/proseo/user-mgr/v0.1, /login, interface java.util.List, user, password)
2024-08-20 16:06:05.011 TRACE 15082 --- [main] d.d.proseo.ui.backend.ServiceConnection  : ... calling service URL http://localhost:8086/proseo/user-mgr/v0.1/login with GET
2024-08-20 16:06:05.478 TRACE 15082 --- [main] d.d.proseo.ui.backend.ServiceConnection  : >>> extractProseoMessage(null)
2024-08-20 16:06:05.479 ERROR 15082 --- [main] d.d.proseo.ui.backend.ServiceConnection  : (E6029) Extraced message: null
2024-08-20 16:06:05.479 TRACE 15082 --- [main] de.dlr.proseo.ui.backend.LoginManager    : Caught HttpClientErrorException 401 Unauthorized
2024-08-20 16:06:05.479 ERROR 15082 --- [main] de.dlr.proseo.ui.backend.LoginManager    : (E6100) User proseo not authorized to login without a mission
2024-08-20 16:06:05.479 TRACE 15082 --- [main] de.dlr.proseo.ui.backend.LoginManager    : <<< doLogin()
2024-08-20 16:06:05.479 TRACE 15082 --- [main] d.d.proseo.ui.cli.CommandLineInterface   : <<< executeCommand()
2024-08-20 16:06:16.737 TRACE 15082 --- [main] de.dlr.proseo.ui.cli.parser.CLIParser    : >>> parse(login PTM)
2024-08-20 16:06:16.737 TRACE 15082 --- [main] de.dlr.proseo.ui.cli.parser.CLIParser    : >>> initTokenizer(login PTM)
2024-08-20 16:06:16.737 TRACE 15082 --- [main] de.dlr.proseo.ui.cli.parser.CLIParser    : ... found token Token[login], line 1
2024-08-20 16:06:16.737 TRACE 15082 --- [main] de.dlr.proseo.ui.cli.parser.CLIParser    : ... found token Token[PTM], line 1
2024-08-20 16:06:16.737 TRACE 15082 --- [main] de.dlr.proseo.ui.cli.parser.CLIParser    : >>> parseParameter(PTM, 0, login)
2024-08-20 16:06:16.737 TRACE 15082 --- [main] de.dlr.proseo.ui.cli.parser.CLIParser    : <<< parseParameter()
2024-08-20 16:06:16.737 TRACE 15082 --- [main] de.dlr.proseo.ui.cli.parser.CLIParser    : <<< parse()
2024-08-20 16:06:16.737 TRACE 15082 --- [main] d.d.proseo.ui.cli.CommandLineInterface   : ... received command 'login'
2024-08-20 16:06:16.737 TRACE 15082 --- [main] d.d.proseo.ui.cli.CommandLineInterface   : >>> executeCommand(login)
2024-08-20 16:06:16.737 TRACE 15082 --- [main] de.dlr.proseo.ui.backend.LoginManager    : >>> doLogin(null, ********, PTM)
2024-08-20 16:06:22.238 TRACE 15082 --- [main] de.dlr.proseo.ui.backend.LoginManager    : >>> login(PTM-proseo, ********, PTM)
2024-08-20 16:06:22.239 TRACE 15082 --- [main] d.d.proseo.ui.backend.ServiceConnection  : >>> getFromService(http://localhost:8086/proseo/user-mgr/v0.1, /login?mission=PTM, interface java.util.List, user, password)
2024-08-20 16:06:22.249 TRACE 15082 --- [main] d.d.proseo.ui.backend.ServiceConnection  : ... calling service URL http://localhost:8086/proseo/user-mgr/v0.1/login?mission=PTM with GET
2024-08-20 16:06:22.863 TRACE 15082 --- [main] d.d.proseo.ui.backend.ServiceConnection  : <<< getFromService()
2024-08-20 16:06:22.863  INFO 15082 --- [main] de.dlr.proseo.ui.backend.LoginManager    : (I6094) User proseo logged in
2024-08-20 16:06:22.863 DEBUG 15082 --- [main] de.dlr.proseo.ui.backend.LoginManager    : ... with authorities: [ROLE_ARCHIVE_MGR, ROLE_ARCHIVE_READER, ROLE_CLI_USER, ROLE_CONFIGURATION_MGR, ROLE_FACILITY_MGR, ROLE_FACILITY_MONITOR, ROLE_FACILITY_READER, ROLE_GUI_USER, ROLE_MISSION_MGR, ROLE_MISSION_READER, ROLE_ORDER_APPROVER, ROLE_ORDER_MGR, ROLE_ORDER_MONITOR, ROLE_ORDER_PLANNER, ROLE_ORDER_READER, ROLE_PRIP_USER, ROLE_PROCESSORCLASS_MGR, ROLE_PROCESSOR_READER, ROLE_PRODUCTCLASS_MGR, ROLE_PRODUCTCLASS_READER, ROLE_PRODUCT_INGESTOR, ROLE_PRODUCT_MGR, ROLE_PRODUCT_READER_ALL, ROLE_WORKFLOW_MGR]
2024-08-20 16:06:22.863 TRACE 15082 --- [main] de.dlr.proseo.ui.backend.LoginManager    : <<< doLogin()
2024-08-20 16:06:22.863 TRACE 15082 --- [main] d.d.proseo.ui.cli.CommandLineInterface   : <<< executeCommand()
2024-08-20 16:06:32.605 TRACE 15082 --- [main] de.dlr.proseo.ui.cli.parser.CLIParser    : >>> parse(order show)
2024-08-20 16:06:32.605 TRACE 15082 --- [main] de.dlr.proseo.ui.cli.parser.CLIParser    : >>> initTokenizer(order show)
2024-08-20 16:06:32.606 TRACE 15082 --- [main] de.dlr.proseo.ui.cli.parser.CLIParser    : ... found token Token[order], line 1
2024-08-20 16:06:32.606 TRACE 15082 --- [main] de.dlr.proseo.ui.cli.parser.CLIParser    : ... found token Token[show], line 1
2024-08-20 16:06:32.606 TRACE 15082 --- [main] de.dlr.proseo.ui.cli.parser.CLIParser    : <<< parse()
2024-08-20 16:06:32.606 TRACE 15082 --- [main] d.d.proseo.ui.cli.CommandLineInterface   : ... received command 'order'
2024-08-20 16:06:32.606 TRACE 15082 --- [main] d.d.proseo.ui.cli.CommandLineInterface   : >>> executeCommand(order)
2024-08-20 16:06:32.606 TRACE 15082 --- [main] de.dlr.proseo.ui.cli.OrderCommandRunner  : >>> executeCommand(order)
2024-08-20 16:06:32.606 TRACE 15082 --- [main] de.dlr.proseo.ui.cli.OrderCommandRunner  : >>> showOrder(show)
2024-08-20 16:06:32.606 TRACE 15082 --- [main] d.d.proseo.ui.backend.ServiceConnection  : >>> getFromService(http://localhost:8082/proseo/order-mgr/v0.1, /orders?mission=PTM, interface java.util.List, user, password)
2024-08-20 16:06:32.611 TRACE 15082 --- [main] d.d.proseo.ui.backend.ServiceConnection  : ... calling service URL http://localhost:8082/proseo/order-mgr/v0.1/orders?mission=PTM with GET
2024-08-20 16:06:33.584 TRACE 15082 --- [main] d.d.proseo.ui.backend.ServiceConnection  : <<< getFromService()
2024-08-20 16:06:33.592 TRACE 15082 --- [main] d.d.proseo.ui.cli.CommandLineInterface   : <<< executeCommand()
2024-08-20 16:06:54.058 TRACE 15082 --- [main] de.dlr.proseo.ui.cli.parser.CLIParser    : >>> parse(exit)
2024-08-20 16:06:54.058 TRACE 15082 --- [main] de.dlr.proseo.ui.cli.parser.CLIParser    : >>> initTokenizer(exit)
2024-08-20 16:06:54.059 TRACE 15082 --- [main] de.dlr.proseo.ui.cli.parser.CLIParser    : ... found token Token[exit], line 1
2024-08-20 16:06:54.059 TRACE 15082 --- [main] de.dlr.proseo.ui.cli.parser.CLIParser    : <<< parse()
2024-08-20 16:06:54.059 TRACE 15082 --- [main] d.d.proseo.ui.cli.CommandLineInterface   : ... received command 'exit'
2024-08-20 16:06:54.059  INFO 15082 --- [main] d.d.proseo.ui.cli.CommandLineInterface   : (I6005) exit command received, prosEO Command Line Interface terminates
2024-08-20 16:06:54.059 TRACE 15082 --- [main] d.d.proseo.ui.cli.CommandLineInterface   : <<< run()
